2022-01-24T02:34:34.955637Z 0 [Warning] TIMESTAMP with implicit DEFAULT value is deprecated. Please use --explicit_defaults_for_timestamp server option (see documentation for more details).
2022-01-24T02:34:34.976111Z 0 [Warning] Setting lower_case_table_names=2 because file system for /var/lib/mysql/ is case insensitive
2022-01-24T02:34:37.803944Z 0 [Warning] InnoDB: New log files created, LSN=45790
2022-01-24T02:34:38.335975Z 0 [Warning] InnoDB: Creating foreign key constraint system tables.
2022-01-24T02:34:38.407422Z 0 [Warning] No existing UUID has been found, so we assume that this is the first time that this server has been started. Generating a new UUID: 2d1bdb0d-7cbe-11ec-95a2-0242ac140002.
2022-01-24T02:34:38.416357Z 0 [Warning] Gtid table is not ready to be used. Table 'mysql.gtid_executed' cannot be opened.
2022-01-24T02:34:39.657200Z 0 [Warning] A deprecated TLS version TLSv1 is enabled. Please use TLSv1.2 or higher.
2022-01-24T02:34:39.658360Z 0 [Warning] A deprecated TLS version TLSv1.1 is enabled. Please use TLSv1.2 or higher.
2022-01-24T02:34:39.670706Z 0 [Warning] CA certificate ca.pem is self signed.
2022-01-24T02:34:39.864773Z 1 [Warning] root@localhost is created with an empty password ! Please consider switching off the --initialize-insecure option.
2022-01-24T02:34:53.705935Z 0 [Warning] TIMESTAMP with implicit DEFAULT value is deprecated. Please use --explicit_defaults_for_timestamp server option (see documentation for more details).
2022-01-24T02:34:53.715648Z 0 [Note] mysqld (mysqld 5.7.37) starting as process 79 ...
2022-01-24T02:34:53.723609Z 0 [Warning] Setting lower_case_table_names=2 because file system for /var/lib/mysql/ is case insensitive
2022-01-24T02:34:53.729251Z 0 [Note] InnoDB: PUNCH HOLE support available
2022-01-24T02:34:53.730359Z 0 [Note] InnoDB: Mutexes and rw_locks use GCC atomic builtins
2022-01-24T02:34:53.731528Z 0 [Note] InnoDB: Uses event mutexes
2022-01-24T02:34:53.732548Z 0 [Note] InnoDB: GCC builtin __atomic_thread_fence() is used for memory barrier
2022-01-24T02:34:53.733440Z 0 [Note] InnoDB: Compressed tables use zlib 1.2.11
2022-01-24T02:34:53.734459Z 0 [Note] InnoDB: Using Linux native AIO
2022-01-24T02:34:53.736033Z 0 [Note] InnoDB: Number of pools: 1
2022-01-24T02:34:53.737299Z 0 [Note] InnoDB: Using CPU crc32 instructions
2022-01-24T02:34:53.739970Z 0 [Note] InnoDB: Initializing buffer pool, total size = 128M, instances = 1, chunk size = 128M
2022-01-24T02:34:53.751993Z 0 [Note] InnoDB: Completed initialization of buffer pool
2022-01-24T02:34:53.755523Z 0 [Note] InnoDB: If the mysqld execution user is authorized, page cleaner thread priority can be changed. See the man page of setpriority().
2022-01-24T02:34:53.831549Z 0 [Note] InnoDB: Highest supported file format is Barracuda.
2022-01-24T02:34:53.985602Z 0 [Note] InnoDB: Creating shared tablespace for temporary tables
2022-01-24T02:34:53.990299Z 0 [Note] InnoDB: Setting file './ibtmp1' size to 12 MB. Physically writing the file full; Please wait ...
2022-01-24T02:34:54.123400Z 0 [Note] InnoDB: File './ibtmp1' size is now 12 MB.
2022-01-24T02:34:54.139615Z 0 [Note] InnoDB: 96 redo rollback segment(s) found. 96 redo rollback segment(s) are active.
2022-01-24T02:34:54.140970Z 0 [Note] InnoDB: 32 non-redo rollback segment(s) are active.
2022-01-24T02:34:54.143049Z 0 [Note] InnoDB: Waiting for purge to start
2022-01-24T02:34:54.194548Z 0 [Note] InnoDB: 5.7.37 started; log sequence number 2751040
2022-01-24T02:34:54.196440Z 0 [Note] InnoDB: Loading buffer pool(s) from /var/lib/mysql/ib_buffer_pool
2022-01-24T02:34:54.196634Z 0 [Note] Plugin 'FEDERATED' is disabled.
2022-01-24T02:34:54.269624Z 0 [Note] Found ca.pem, server-cert.pem and server-key.pem in data directory. Trying to enable SSL support using them.
2022-01-24T02:34:54.272807Z 0 [Note] Skipping generation of SSL certificates as certificate files are present in data directory.
2022-01-24T02:34:54.275002Z 0 [Warning] A deprecated TLS version TLSv1 is enabled. Please use TLSv1.2 or higher.
2022-01-24T02:34:54.276224Z 0 [Warning] A deprecated TLS version TLSv1.1 is enabled. Please use TLSv1.2 or higher.
2022-01-24T02:34:54.287770Z 0 [Warning] CA certificate ca.pem is self signed.
2022-01-24T02:34:54.290380Z 0 [Note] Skipping generation of RSA key pair as key files are present in data directory.
2022-01-24T02:34:54.292591Z 0 [Note] InnoDB: Buffer pool(s) load completed at 220124 11:34:54
2022-01-24T02:34:54.313088Z 0 [Warning] Insecure configuration for --pid-file: Location '/var/run/mysqld' in the path is accessible to all OS users. Consider choosing a different directory.
2022-01-24T02:34:54.708513Z 0 [Note] Event Scheduler: Loaded 0 events
2022-01-24T02:34:54.710302Z 0 [Note] mysqld: ready for connections.
Version: '5.7.37'  socket: '/var/run/mysqld/mysqld.sock'  port: 0  MySQL Community Server (GPL)
2022-01-24T02:34:59.556418Z 0 [Note] Giving 0 client threads a chance to die gracefully
2022-01-24T02:34:59.559842Z 0 [Note] Shutting down slave threads
2022-01-24T02:34:59.561812Z 0 [Note] Forcefully disconnecting 0 remaining clients
2022-01-24T02:34:59.563809Z 0 [Note] Event Scheduler: Purging the queue. 0 events
2022-01-24T02:34:59.565762Z 0 [Note] Binlog end
2022-01-24T02:34:59.574642Z 0 [Note] Shutting down plugin 'ngram'
2022-01-24T02:34:59.577608Z 0 [Note] Shutting down plugin 'partition'
2022-01-24T02:34:59.579046Z 0 [Note] Shutting down plugin 'BLACKHOLE'
2022-01-24T02:34:59.580648Z 0 [Note] Shutting down plugin 'ARCHIVE'
2022-01-24T02:34:59.583077Z 0 [Note] Shutting down plugin 'PERFORMANCE_SCHEMA'
2022-01-24T02:34:59.585255Z 0 [Note] Shutting down plugin 'MRG_MYISAM'
2022-01-24T02:34:59.587240Z 0 [Note] Shutting down plugin 'MyISAM'
2022-01-24T02:34:59.588779Z 0 [Note] Shutting down plugin 'INNODB_SYS_VIRTUAL'
2022-01-24T02:34:59.590222Z 0 [Note] Shutting down plugin 'INNODB_SYS_DATAFILES'
2022-01-24T02:34:59.591713Z 0 [Note] Shutting down plugin 'INNODB_SYS_TABLESPACES'
2022-01-24T02:34:59.593360Z 0 [Note] Shutting down plugin 'INNODB_SYS_FOREIGN_COLS'
2022-01-24T02:34:59.594807Z 0 [Note] Shutting down plugin 'INNODB_SYS_FOREIGN'
2022-01-24T02:34:59.595831Z 0 [Note] Shutting down plugin 'INNODB_SYS_FIELDS'
2022-01-24T02:34:59.597084Z 0 [Note] Shutting down plugin 'INNODB_SYS_COLUMNS'
2022-01-24T02:34:59.597973Z 0 [Note] Shutting down plugin 'INNODB_SYS_INDEXES'
2022-01-24T02:34:59.598742Z 0 [Note] Shutting down plugin 'INNODB_SYS_TABLESTATS'
2022-01-24T02:34:59.599568Z 0 [Note] Shutting down plugin 'INNODB_SYS_TABLES'
2022-01-24T02:34:59.600708Z 0 [Note] Shutting down plugin 'INNODB_FT_INDEX_TABLE'
2022-01-24T02:34:59.601773Z 0 [Note] Shutting down plugin 'INNODB_FT_INDEX_CACHE'
2022-01-24T02:34:59.602595Z 0 [Note] Shutting down plugin 'INNODB_FT_CONFIG'
2022-01-24T02:34:59.603582Z 0 [Note] Shutting down plugin 'INNODB_FT_BEING_DELETED'
2022-01-24T02:34:59.604644Z 0 [Note] Shutting down plugin 'INNODB_FT_DELETED'
2022-01-24T02:34:59.605670Z 0 [Note] Shutting down plugin 'INNODB_FT_DEFAULT_STOPWORD'
2022-01-24T02:34:59.607054Z 0 [Note] Shutting down plugin 'INNODB_METRICS'
2022-01-24T02:34:59.607926Z 0 [Note] Shutting down plugin 'INNODB_TEMP_TABLE_INFO'
2022-01-24T02:34:59.608817Z 0 [Note] Shutting down plugin 'INNODB_BUFFER_POOL_STATS'
2022-01-24T02:34:59.609644Z 0 [Note] Shutting down plugin 'INNODB_BUFFER_PAGE_LRU'
2022-01-24T02:34:59.610514Z 0 [Note] Shutting down plugin 'INNODB_BUFFER_PAGE'
2022-01-24T02:34:59.611298Z 0 [Note] Shutting down plugin 'INNODB_CMP_PER_INDEX_RESET'
2022-01-24T02:34:59.612322Z 0 [Note] Shutting down plugin 'INNODB_CMP_PER_INDEX'
2022-01-24T02:34:59.613353Z 0 [Note] Shutting down plugin 'INNODB_CMPMEM_RESET'
2022-01-24T02:34:59.614358Z 0 [Note] Shutting down plugin 'INNODB_CMPMEM'
2022-01-24T02:34:59.615257Z 0 [Note] Shutting down plugin 'INNODB_CMP_RESET'
2022-01-24T02:34:59.616617Z 0 [Note] Shutting down plugin 'INNODB_CMP'
2022-01-24T02:34:59.617496Z 0 [Note] Shutting down plugin 'INNODB_LOCK_WAITS'
2022-01-24T02:34:59.618322Z 0 [Note] Shutting down plugin 'INNODB_LOCKS'
2022-01-24T02:34:59.619496Z 0 [Note] Shutting down plugin 'INNODB_TRX'
2022-01-24T02:34:59.620816Z 0 [Note] Shutting down plugin 'InnoDB'
2022-01-24T02:34:59.622021Z 0 [Note] InnoDB: FTS optimize thread exiting.
2022-01-24T02:34:59.624162Z 0 [Note] InnoDB: Starting shutdown...
2022-01-24T02:34:59.729113Z 0 [Note] InnoDB: Dumping buffer pool(s) to /var/lib/mysql/ib_buffer_pool
2022-01-24T02:34:59.759488Z 0 [Note] InnoDB: Buffer pool(s) dump completed at 220124 11:34:59
2022-01-24T02:35:02.748306Z 0 [Note] InnoDB: Shutdown completed; log sequence number 12661112
2022-01-24T02:35:02.753434Z 0 [Note] InnoDB: Removed temporary tablespace data file: "ibtmp1"
2022-01-24T02:35:02.766650Z 0 [Note] Shutting down plugin 'MEMORY'
2022-01-24T02:35:02.767664Z 0 [Note] Shutting down plugin 'CSV'
2022-01-24T02:35:02.770130Z 0 [Note] Shutting down plugin 'sha256_password'
2022-01-24T02:35:02.772065Z 0 [Note] Shutting down plugin 'mysql_native_password'
2022-01-24T02:35:02.773684Z 0 [Note] Shutting down plugin 'binlog'
2022-01-24T02:35:02.779164Z 0 [Note] mysqld: Shutdown complete

2022-01-24T02:35:03.765129Z 0 [Warning] TIMESTAMP with implicit DEFAULT value is deprecated. Please use --explicit_defaults_for_timestamp server option (see documentation for more details).
2022-01-24T02:35:03.794508Z 0 [Note] mysqld (mysqld 5.7.37) starting as process 1 ...
2022-01-24T02:35:03.804679Z 0 [Warning] Setting lower_case_table_names=2 because file system for /var/lib/mysql/ is case insensitive
2022-01-24T02:35:03.812557Z 0 [Note] InnoDB: PUNCH HOLE support available
2022-01-24T02:35:03.813662Z 0 [Note] InnoDB: Mutexes and rw_locks use GCC atomic builtins
2022-01-24T02:35:03.814810Z 0 [Note] InnoDB: Uses event mutexes
2022-01-24T02:35:03.815630Z 0 [Note] InnoDB: GCC builtin __atomic_thread_fence() is used for memory barrier
2022-01-24T02:35:03.817209Z 0 [Note] InnoDB: Compressed tables use zlib 1.2.11
2022-01-24T02:35:03.818459Z 0 [Note] InnoDB: Using Linux native AIO
2022-01-24T02:35:03.819887Z 0 [Note] InnoDB: Number of pools: 1
2022-01-24T02:35:03.821396Z 0 [Note] InnoDB: Using CPU crc32 instructions
2022-01-24T02:35:03.823733Z 0 [Note] InnoDB: Initializing buffer pool, total size = 128M, instances = 1, chunk size = 128M
2022-01-24T02:35:03.836095Z 0 [Note] InnoDB: Completed initialization of buffer pool
2022-01-24T02:35:03.839631Z 0 [Note] InnoDB: If the mysqld execution user is authorized, page cleaner thread priority can be changed. See the man page of setpriority().
2022-01-24T02:35:03.922706Z 0 [Note] InnoDB: Highest supported file format is Barracuda.
2022-01-24T02:35:04.124251Z 0 [Note] InnoDB: Creating shared tablespace for temporary tables
2022-01-24T02:35:04.129399Z 0 [Note] InnoDB: Setting file './ibtmp1' size to 12 MB. Physically writing the file full; Please wait ...
2022-01-24T02:35:04.224118Z 0 [Note] InnoDB: File './ibtmp1' size is now 12 MB.
2022-01-24T02:35:04.236244Z 0 [Note] InnoDB: 96 redo rollback segment(s) found. 96 redo rollback segment(s) are active.
2022-01-24T02:35:04.237244Z 0 [Note] InnoDB: 32 non-redo rollback segment(s) are active.
2022-01-24T02:35:04.239183Z 0 [Note] InnoDB: Waiting for purge to start
2022-01-24T02:35:04.292361Z 0 [Note] InnoDB: 5.7.37 started; log sequence number 12661112
2022-01-24T02:35:04.294823Z 0 [Note] InnoDB: Loading buffer pool(s) from /var/lib/mysql/ib_buffer_pool
2022-01-24T02:35:04.295632Z 0 [Note] Plugin 'FEDERATED' is disabled.
2022-01-24T02:35:04.372656Z 0 [Note] Found ca.pem, server-cert.pem and server-key.pem in data directory. Trying to enable SSL support using them.
2022-01-24T02:35:04.374650Z 0 [Note] Skipping generation of SSL certificates as certificate files are present in data directory.
2022-01-24T02:35:04.376485Z 0 [Warning] A deprecated TLS version TLSv1 is enabled. Please use TLSv1.2 or higher.
2022-01-24T02:35:04.378762Z 0 [Warning] A deprecated TLS version TLSv1.1 is enabled. Please use TLSv1.2 or higher.
2022-01-24T02:35:04.390280Z 0 [Warning] CA certificate ca.pem is self signed.
2022-01-24T02:35:04.391950Z 0 [Note] Skipping generation of RSA key pair as key files are present in data directory.
2022-01-24T02:35:04.403286Z 0 [Note] Server hostname (bind-address): '*'; port: 3306
2022-01-24T02:35:04.404761Z 0 [Note] IPv6 is available.
2022-01-24T02:35:04.409083Z 0 [Note]   - '::' resolves to '::';
2022-01-24T02:35:04.412872Z 0 [Note] Server socket created on IP: '::'.
2022-01-24T02:35:04.422211Z 0 [Warning] Insecure configuration for --pid-file: Location '/var/run/mysqld' in the path is accessible to all OS users. Consider choosing a different directory.
2022-01-24T02:35:04.481710Z 0 [Note] InnoDB: Buffer pool(s) load completed at 220124 11:35:04
2022-01-24T02:35:04.823250Z 0 [Note] Event Scheduler: Loaded 0 events
2022-01-24T02:35:04.824572Z 0 [Note] mysqld: ready for connections.
Version: '5.7.37'  socket: '/var/run/mysqld/mysqld.sock'  port: 3306  MySQL Community Server (GPL)
